INFO:root:file_name=['task1', '.git', 'lesson15_cert'] [extension]=[[]] [is_dir]=[True] root=['/Users/nekrouwu/into_python_certification']
INFO:root:file_name=['task3'] [extension]=['py'] [is_dir]=[False] root=['/Users/nekrouwu/into_python_certification']
INFO:root:file_name=['task2'] [extension]=['py'] [is_dir]=[False] root=['/Users/nekrouwu/into_python_certification']
INFO:root:file_name=['README'] [extension]=['md'] [is_dir]=[False] root=['/Users/nekrouwu/into_python_certification']
INFO:root:file_name=['task5'] [extension]=['py'] [is_dir]=[False] root=['/Users/nekrouwu/into_python_certification']
INFO:root:file_name=['task4'] [extension]=['py'] [is_dir]=[False] root=['/Users/nekrouwu/into_python_certification']
INFO:root:file_name=['login'] [extension]=['log'] [is_dir]=[False] root=['/Users/nekrouwu/into_python_certification']
INFO:root:file_name=[] [extension]=[[]] [is_dir]=[True] root=['/Users/nekrouwu/into_python_certification/task1']
INFO:root:file_name=['task1'] [extension]=['py'] [is_dir]=[False] root=['/Users/nekrouwu/into_python_certification/task1']
INFO:root:file_name=['debug_info'] [extension]=['log'] [is_dir]=[False] root=['/Users/nekrouwu/into_python_certification/task1']
INFO:root:file_name=['warning_error'] [extension]=['log'] [is_dir]=[False] root=['/Users/nekrouwu/into_python_certification/task1']
INFO:root:file_name=['objects', 'info', 'logs', 'hooks', 'refs'] [extension]=[[]] [is_dir]=[True] root=['/Users/nekrouwu/into_python_certification/.git']
INFO:root:file_name=[] [extension]=['config'] [is_dir]=[False] root=['/Users/nekrouwu/into_python_certification/.git']
INFO:root:file_name=[] [extension]=['HEAD'] [is_dir]=[False] root=['/Users/nekrouwu/into_python_certification/.git']
INFO:root:file_name=[] [extension]=['description'] [is_dir]=[False] root=['/Users/nekrouwu/into_python_certification/.git']
INFO:root:file_name=[] [extension]=['index'] [is_dir]=[False] root=['/Users/nekrouwu/into_python_certification/.git']
INFO:root:file_name=[] [extension]=['FETCH_HEAD'] [is_dir]=[False] root=['/Users/nekrouwu/into_python_certification/.git']
INFO:root:file_name=['3e', '68', '6f', '5f', 'd9', 'ad', 'a2', '27', 'pack', '1a', '8f', '4c', '2f', 'info', '55', '15', '8c', '22'] [extension]=[[]] [is_dir]=[True] root=['/Users/nekrouwu/into_python_certification/.git/objects']
INFO:root:file_name=[] [extension]=[[]] [is_dir]=[True] root=['/Users/nekrouwu/into_python_certification/.git/objects/3e']
INFO:root:file_name=[] [extension]=['943901c9e005c6bcd8fbbc43fe0eba9052eaee'] [is_dir]=[False] root=['/Users/nekrouwu/into_python_certification/.git/objects/3e']
INFO:root:file_name=[] [extension]=[[]] [is_dir]=[True] root=['/Users/nekrouwu/into_python_certification/.git/objects/68']
INFO:root:file_name=[] [extension]=['bd075855d1f31c0864a9738dd2cf76ba063ba7'] [is_dir]=[False] root=['/Users/nekrouwu/into_python_certification/.git/objects/68']
INFO:root:file_name=[] [extension]=[[]] [is_dir]=[True] root=['/Users/nekrouwu/into_python_certification/.git/objects/6f']
INFO:root:file_name=[] [extension]=['b0af1bd071717921f2821f69dcb7efe7ff16a1'] [is_dir]=[False] root=['/Users/nekrouwu/into_python_certification/.git/objects/6f']
INFO:root:file_name=[] [extension]=[[]] [is_dir]=[True] root=['/Users/nekrouwu/into_python_certification/.git/objects/5f']
INFO:root:file_name=[] [extension]=['51b95e21f045561812af14c5495d4367e6f1fa'] [is_dir]=[False] root=['/Users/nekrouwu/into_python_certification/.git/objects/5f']
INFO:root:file_name=[] [extension]=[[]] [is_dir]=[True] root=['/Users/nekrouwu/into_python_certification/.git/objects/d9']
INFO:root:file_name=[] [extension]=['28a5b78542b4e889e3e966f5d8eaad1ea3c9ef'] [is_dir]=[False] root=['/Users/nekrouwu/into_python_certification/.git/objects/d9']
INFO:root:file_name=[] [extension]=[[]] [is_dir]=[True] root=['/Users/nekrouwu/into_python_certification/.git/objects/ad']
INFO:root:file_name=[] [extension]=['78739ec72c319967c0afcc2d4e7c6b4aed7f11'] [is_dir]=[False] root=['/Users/nekrouwu/into_python_certification/.git/objects/ad']
INFO:root:file_name=[] [extension]=['19cf97a15996693d36daaa2faa529f53553b7c'] [is_dir]=[False] root=['/Users/nekrouwu/into_python_certification/.git/objects/ad']
INFO:root:file_name=[] [extension]=[[]] [is_dir]=[True] root=['/Users/nekrouwu/into_python_certification/.git/objects/a2']
INFO:root:file_name=[] [extension]=['1e00510d82a4ad7353e53009442d5d8eb1bafe'] [is_dir]=[False] root=['/Users/nekrouwu/into_python_certification/.git/objects/a2']
INFO:root:file_name=[] [extension]=[[]] [is_dir]=[True] root=['/Users/nekrouwu/into_python_certification/.git/objects/27']
INFO:root:file_name=[] [extension]=['25126e67393b3a06577e403815d688801b5394'] [is_dir]=[False] root=['/Users/nekrouwu/into_python_certification/.git/objects/27']
INFO:root:file_name=[] [extension]=[[]] [is_dir]=[True] root=['/Users/nekrouwu/into_python_certification/.git/objects/pack']
INFO:root:file_name=[] [extension]=[[]] [is_dir]=[True] root=['/Users/nekrouwu/into_python_certification/.git/objects/1a']
INFO:root:file_name=[] [extension]=['54bf61c64770f2b136522ce36d1b93f2e27939'] [is_dir]=[False] root=['/Users/nekrouwu/into_python_certification/.git/objects/1a']
INFO:root:file_name=[] [extension]=[[]] [is_dir]=[True] root=['/Users/nekrouwu/into_python_certification/.git/objects/8f']
INFO:root:file_name=[] [extension]=['babeadd755c6a3b91d0fe20118ba14a7a46e35'] [is_dir]=[False] root=['/Users/nekrouwu/into_python_certification/.git/objects/8f']
INFO:root:file_name=[] [extension]=['bb9a6098f07f12e69af760439f46f074603609'] [is_dir]=[False] root=['/Users/nekrouwu/into_python_certification/.git/objects/8f']
INFO:root:file_name=[] [extension]=[[]] [is_dir]=[True] root=['/Users/nekrouwu/into_python_certification/.git/objects/4c']
INFO:root:file_name=[] [extension]=['0352245719b495233b5f5dc87305babbf1ce9a'] [is_dir]=[False] root=['/Users/nekrouwu/into_python_certification/.git/objects/4c']
INFO:root:file_name=[] [extension]=[[]] [is_dir]=[True] root=['/Users/nekrouwu/into_python_certification/.git/objects/2f']
INFO:root:file_name=[] [extension]=['1e060d65470333e6b160b54e7065c8e9153178'] [is_dir]=[False] root=['/Users/nekrouwu/into_python_certification/.git/objects/2f']
INFO:root:file_name=[] [extension]=[[]] [is_dir]=[True] root=['/Users/nekrouwu/into_python_certification/.git/objects/info']
INFO:root:file_name=[] [extension]=[[]] [is_dir]=[True] root=['/Users/nekrouwu/into_python_certification/.git/objects/55']
INFO:root:file_name=[] [extension]=['316eb85c889c0d526cd3fa51b2b584df0a617d'] [is_dir]=[False] root=['/Users/nekrouwu/into_python_certification/.git/objects/55']
INFO:root:file_name=[] [extension]=[[]] [is_dir]=[True] root=['/Users/nekrouwu/into_python_certification/.git/objects/15']
INFO:root:file_name=[] [extension]=['5334364aa34dbf8ec0360d20ce0920af544dd2'] [is_dir]=[False] root=['/Users/nekrouwu/into_python_certification/.git/objects/15']
INFO:root:file_name=[] [extension]=[[]] [is_dir]=[True] root=['/Users/nekrouwu/into_python_certification/.git/objects/8c']
INFO:root:file_name=[] [extension]=['86e15db8b0cc055734afb8be5da47f7ac687c3'] [is_dir]=[False] root=['/Users/nekrouwu/into_python_certification/.git/objects/8c']
INFO:root:file_name=[] [extension]=[[]] [is_dir]=[True] root=['/Users/nekrouwu/into_python_certification/.git/objects/22']
INFO:root:file_name=[] [extension]=['03fd30f0e219af6fe8c8e16525ff2b1a9c4e36'] [is_dir]=[False] root=['/Users/nekrouwu/into_python_certification/.git/objects/22']
INFO:root:file_name=[] [extension]=[[]] [is_dir]=[True] root=['/Users/nekrouwu/into_python_certification/.git/info']
INFO:root:file_name=[] [extension]=['exclude'] [is_dir]=[False] root=['/Users/nekrouwu/into_python_certification/.git/info']
INFO:root:file_name=['refs'] [extension]=[[]] [is_dir]=[True] root=['/Users/nekrouwu/into_python_certification/.git/logs']
INFO:root:file_name=[] [extension]=['HEAD'] [is_dir]=[False] root=['/Users/nekrouwu/into_python_certification/.git/logs']
INFO:root:file_name=['heads'] [extension]=[[]] [is_dir]=[True] root=['/Users/nekrouwu/into_python_certification/.git/logs/refs']
INFO:root:file_name=[] [extension]=[[]] [is_dir]=[True] root=['/Users/nekrouwu/into_python_certification/.git/logs/refs/heads']
INFO:root:file_name=[] [extension]=['main'] [is_dir]=[False] root=['/Users/nekrouwu/into_python_certification/.git/logs/refs/heads']
INFO:root:file_name=[] [extension]=[[]] [is_dir]=[True] root=['/Users/nekrouwu/into_python_certification/.git/hooks']
INFO:root:file_name=['commit-msg'] [extension]=['sample'] [is_dir]=[False] root=['/Users/nekrouwu/into_python_certification/.git/hooks']
INFO:root:file_name=['pre-rebase'] [extension]=['sample'] [is_dir]=[False] root=['/Users/nekrouwu/into_python_certification/.git/hooks']
INFO:root:file_name=['pre-commit'] [extension]=['sample'] [is_dir]=[False] root=['/Users/nekrouwu/into_python_certification/.git/hooks']
INFO:root:file_name=['applypatch-msg'] [extension]=['sample'] [is_dir]=[False] root=['/Users/nekrouwu/into_python_certification/.git/hooks']
INFO:root:file_name=['fsmonitor-watchman'] [extension]=['sample'] [is_dir]=[False] root=['/Users/nekrouwu/into_python_certification/.git/hooks']
INFO:root:file_name=['pre-receive'] [extension]=['sample'] [is_dir]=[False] root=['/Users/nekrouwu/into_python_certification/.git/hooks']
INFO:root:file_name=['prepare-commit-msg'] [extension]=['sample'] [is_dir]=[False] root=['/Users/nekrouwu/into_python_certification/.git/hooks']
INFO:root:file_name=['post-update'] [extension]=['sample'] [is_dir]=[False] root=['/Users/nekrouwu/into_python_certification/.git/hooks']
INFO:root:file_name=['pre-merge-commit'] [extension]=['sample'] [is_dir]=[False] root=['/Users/nekrouwu/into_python_certification/.git/hooks']
INFO:root:file_name=['pre-applypatch'] [extension]=['sample'] [is_dir]=[False] root=['/Users/nekrouwu/into_python_certification/.git/hooks']
INFO:root:file_name=['pre-push'] [extension]=['sample'] [is_dir]=[False] root=['/Users/nekrouwu/into_python_certification/.git/hooks']
INFO:root:file_name=['update'] [extension]=['sample'] [is_dir]=[False] root=['/Users/nekrouwu/into_python_certification/.git/hooks']
INFO:root:file_name=['push-to-checkout'] [extension]=['sample'] [is_dir]=[False] root=['/Users/nekrouwu/into_python_certification/.git/hooks']
INFO:root:file_name=['heads', 'tags'] [extension]=[[]] [is_dir]=[True] root=['/Users/nekrouwu/into_python_certification/.git/refs']
INFO:root:file_name=[] [extension]=[[]] [is_dir]=[True] root=['/Users/nekrouwu/into_python_certification/.git/refs/heads']
INFO:root:file_name=[] [extension]=['main'] [is_dir]=[False] root=['/Users/nekrouwu/into_python_certification/.git/refs/heads']
INFO:root:file_name=[] [extension]=[[]] [is_dir]=[True] root=['/Users/nekrouwu/into_python_certification/.git/refs/tags']
INFO:root:file_name=['task1', '.git'] [extension]=[[]] [is_dir]=[True] root=['/Users/nekrouwu/into_python_certification/lesson15_cert']
INFO:root:file_name=['task3'] [extension]=['py'] [is_dir]=[False] root=['/Users/nekrouwu/into_python_certification/lesson15_cert']
INFO:root:file_name=['task2'] [extension]=['py'] [is_dir]=[False] root=['/Users/nekrouwu/into_python_certification/lesson15_cert']
INFO:root:file_name=['README'] [extension]=['md'] [is_dir]=[False] root=['/Users/nekrouwu/into_python_certification/lesson15_cert']
INFO:root:file_name=['task5'] [extension]=['py'] [is_dir]=[False] root=['/Users/nekrouwu/into_python_certification/lesson15_cert']
INFO:root:file_name=['task4'] [extension]=['py'] [is_dir]=[False] root=['/Users/nekrouwu/into_python_certification/lesson15_cert']
INFO:root:file_name=['login'] [extension]=['log'] [is_dir]=[False] root=['/Users/nekrouwu/into_python_certification/lesson15_cert']
INFO:root:file_name=[] [extension]=[[]] [is_dir]=[True] root=['/Users/nekrouwu/into_python_certification/lesson15_cert/task1']
INFO:root:file_name=['task1'] [extension]=['py'] [is_dir]=[False] root=['/Users/nekrouwu/into_python_certification/lesson15_cert/task1']
INFO:root:file_name=['debug_info'] [extension]=['log'] [is_dir]=[False] root=['/Users/nekrouwu/into_python_certification/lesson15_cert/task1']
INFO:root:file_name=['warning_error'] [extension]=['log'] [is_dir]=[False] root=['/Users/nekrouwu/into_python_certification/lesson15_cert/task1']
INFO:root:file_name=['objects', 'info', 'logs', 'hooks', 'refs'] [extension]=[[]] [is_dir]=[True] root=['/Users/nekrouwu/into_python_certification/lesson15_cert/.git']
INFO:root:file_name=[] [extension]=['config'] [is_dir]=[False] root=['/Users/nekrouwu/into_python_certification/lesson15_cert/.git']
INFO:root:file_name=[] [extension]=['HEAD'] [is_dir]=[False] root=['/Users/nekrouwu/into_python_certification/lesson15_cert/.git']
INFO:root:file_name=[] [extension]=['description'] [is_dir]=[False] root=['/Users/nekrouwu/into_python_certification/lesson15_cert/.git']
INFO:root:file_name=[] [extension]=['index'] [is_dir]=[False] root=['/Users/nekrouwu/into_python_certification/lesson15_cert/.git']
INFO:root:file_name=[] [extension]=['COMMIT_EDITMSG'] [is_dir]=[False] root=['/Users/nekrouwu/into_python_certification/lesson15_cert/.git']
INFO:root:file_name=[] [extension]=['FETCH_HEAD'] [is_dir]=[False] root=['/Users/nekrouwu/into_python_certification/lesson15_cert/.git']
INFO:root:file_name=['3e', '68', '6f', '5f', 'b5', 'd9', 'ad', 'a2', '27', 'pack', '8f', '4c', '2f', 'info', '55', '15', '8c', '22'] [extension]=[[]] [is_dir]=[True] root=['/Users/nekrouwu/into_python_certification/lesson15_cert/.git/objects']
INFO:root:file_name=[] [extension]=[[]] [is_dir]=[True] root=['/Users/nekrouwu/into_python_certification/lesson15_cert/.git/objects/3e']
INFO:root:file_name=[] [extension]=['943901c9e005c6bcd8fbbc43fe0eba9052eaee'] [is_dir]=[False] root=['/Users/nekrouwu/into_python_certification/lesson15_cert/.git/objects/3e']
INFO:root:file_name=[] [extension]=[[]] [is_dir]=[True] root=['/Users/nekrouwu/into_python_certification/lesson15_cert/.git/objects/68']
INFO:root:file_name=[] [extension]=['bd075855d1f31c0864a9738dd2cf76ba063ba7'] [is_dir]=[False] root=['/Users/nekrouwu/into_python_certification/lesson15_cert/.git/objects/68']
INFO:root:file_name=[] [extension]=[[]] [is_dir]=[True] root=['/Users/nekrouwu/into_python_certification/lesson15_cert/.git/objects/6f']
INFO:root:file_name=[] [extension]=['b0af1bd071717921f2821f69dcb7efe7ff16a1'] [is_dir]=[False] root=['/Users/nekrouwu/into_python_certification/lesson15_cert/.git/objects/6f']
INFO:root:file_name=[] [extension]=[[]] [is_dir]=[True] root=['/Users/nekrouwu/into_python_certification/lesson15_cert/.git/objects/5f']
INFO:root:file_name=[] [extension]=['51b95e21f045561812af14c5495d4367e6f1fa'] [is_dir]=[False] root=['/Users/nekrouwu/into_python_certification/lesson15_cert/.git/objects/5f']
INFO:root:file_name=[] [extension]=[[]] [is_dir]=[True] root=['/Users/nekrouwu/into_python_certification/lesson15_cert/.git/objects/b5']
INFO:root:file_name=[] [extension]=['234948d911fb32a0641dba877c217c2a20bc4c'] [is_dir]=[False] root=['/Users/nekrouwu/into_python_certification/lesson15_cert/.git/objects/b5']
INFO:root:file_name=[] [extension]=[[]] [is_dir]=[True] root=['/Users/nekrouwu/into_python_certification/lesson15_cert/.git/objects/d9']
INFO:root:file_name=[] [extension]=['28a5b78542b4e889e3e966f5d8eaad1ea3c9ef'] [is_dir]=[False] root=['/Users/nekrouwu/into_python_certification/lesson15_cert/.git/objects/d9']
INFO:root:file_name=[] [extension]=[[]] [is_dir]=[True] root=['/Users/nekrouwu/into_python_certification/lesson15_cert/.git/objects/ad']
INFO:root:file_name=[] [extension]=['78739ec72c319967c0afcc2d4e7c6b4aed7f11'] [is_dir]=[False] root=['/Users/nekrouwu/into_python_certification/lesson15_cert/.git/objects/ad']
INFO:root:file_name=[] [extension]=['19cf97a15996693d36daaa2faa529f53553b7c'] [is_dir]=[False] root=['/Users/nekrouwu/into_python_certification/lesson15_cert/.git/objects/ad']
INFO:root:file_name=[] [extension]=[[]] [is_dir]=[True] root=['/Users/nekrouwu/into_python_certification/lesson15_cert/.git/objects/a2']
INFO:root:file_name=[] [extension]=['1e00510d82a4ad7353e53009442d5d8eb1bafe'] [is_dir]=[False] root=['/Users/nekrouwu/into_python_certification/lesson15_cert/.git/objects/a2']
INFO:root:file_name=[] [extension]=[[]] [is_dir]=[True] root=['/Users/nekrouwu/into_python_certification/lesson15_cert/.git/objects/27']
INFO:root:file_name=[] [extension]=['25126e67393b3a06577e403815d688801b5394'] [is_dir]=[False] root=['/Users/nekrouwu/into_python_certification/lesson15_cert/.git/objects/27']
INFO:root:file_name=[] [extension]=[[]] [is_dir]=[True] root=['/Users/nekrouwu/into_python_certification/lesson15_cert/.git/objects/pack']
INFO:root:file_name=[] [extension]=[[]] [is_dir]=[True] root=['/Users/nekrouwu/into_python_certification/lesson15_cert/.git/objects/8f']
INFO:root:file_name=[] [extension]=['bb9a6098f07f12e69af760439f46f074603609'] [is_dir]=[False] root=['/Users/nekrouwu/into_python_certification/lesson15_cert/.git/objects/8f']
INFO:root:file_name=[] [extension]=[[]] [is_dir]=[True] root=['/Users/nekrouwu/into_python_certification/lesson15_cert/.git/objects/4c']
INFO:root:file_name=[] [extension]=['0352245719b495233b5f5dc87305babbf1ce9a'] [is_dir]=[False] root=['/Users/nekrouwu/into_python_certification/lesson15_cert/.git/objects/4c']
INFO:root:file_name=[] [extension]=[[]] [is_dir]=[True] root=['/Users/nekrouwu/into_python_certification/lesson15_cert/.git/objects/2f']
INFO:root:file_name=[] [extension]=['1e060d65470333e6b160b54e7065c8e9153178'] [is_dir]=[False] root=['/Users/nekrouwu/into_python_certification/lesson15_cert/.git/objects/2f']
INFO:root:file_name=[] [extension]=[[]] [is_dir]=[True] root=['/Users/nekrouwu/into_python_certification/lesson15_cert/.git/objects/info']
INFO:root:file_name=[] [extension]=[[]] [is_dir]=[True] root=['/Users/nekrouwu/into_python_certification/lesson15_cert/.git/objects/55']
INFO:root:file_name=[] [extension]=['316eb85c889c0d526cd3fa51b2b584df0a617d'] [is_dir]=[False] root=['/Users/nekrouwu/into_python_certification/lesson15_cert/.git/objects/55']
INFO:root:file_name=[] [extension]=[[]] [is_dir]=[True] root=['/Users/nekrouwu/into_python_certification/lesson15_cert/.git/objects/15']
INFO:root:file_name=[] [extension]=['5334364aa34dbf8ec0360d20ce0920af544dd2'] [is_dir]=[False] root=['/Users/nekrouwu/into_python_certification/lesson15_cert/.git/objects/15']
INFO:root:file_name=[] [extension]=[[]] [is_dir]=[True] root=['/Users/nekrouwu/into_python_certification/lesson15_cert/.git/objects/8c']
INFO:root:file_name=[] [extension]=['86e15db8b0cc055734afb8be5da47f7ac687c3'] [is_dir]=[False] root=['/Users/nekrouwu/into_python_certification/lesson15_cert/.git/objects/8c']
INFO:root:file_name=[] [extension]=[[]] [is_dir]=[True] root=['/Users/nekrouwu/into_python_certification/lesson15_cert/.git/objects/22']
INFO:root:file_name=[] [extension]=['03fd30f0e219af6fe8c8e16525ff2b1a9c4e36'] [is_dir]=[False] root=['/Users/nekrouwu/into_python_certification/lesson15_cert/.git/objects/22']
INFO:root:file_name=[] [extension]=[[]] [is_dir]=[True] root=['/Users/nekrouwu/into_python_certification/lesson15_cert/.git/info']
INFO:root:file_name=[] [extension]=['exclude'] [is_dir]=[False] root=['/Users/nekrouwu/into_python_certification/lesson15_cert/.git/info']
INFO:root:file_name=['refs'] [extension]=[[]] [is_dir]=[True] root=['/Users/nekrouwu/into_python_certification/lesson15_cert/.git/logs']
INFO:root:file_name=[] [extension]=['HEAD'] [is_dir]=[False] root=['/Users/nekrouwu/into_python_certification/lesson15_cert/.git/logs']
INFO:root:file_name=['heads', 'remotes'] [extension]=[[]] [is_dir]=[True] root=['/Users/nekrouwu/into_python_certification/lesson15_cert/.git/logs/refs']
INFO:root:file_name=[] [extension]=[[]] [is_dir]=[True] root=['/Users/nekrouwu/into_python_certification/lesson15_cert/.git/logs/refs/heads']
INFO:root:file_name=[] [extension]=['main'] [is_dir]=[False] root=['/Users/nekrouwu/into_python_certification/lesson15_cert/.git/logs/refs/heads']
INFO:root:file_name=['origin'] [extension]=[[]] [is_dir]=[True] root=['/Users/nekrouwu/into_python_certification/lesson15_cert/.git/logs/refs/remotes']
INFO:root:file_name=[] [extension]=[[]] [is_dir]=[True] root=['/Users/nekrouwu/into_python_certification/lesson15_cert/.git/logs/refs/remotes/origin']
INFO:root:file_name=[] [extension]=['main'] [is_dir]=[False] root=['/Users/nekrouwu/into_python_certification/lesson15_cert/.git/logs/refs/remotes/origin']
INFO:root:file_name=[] [extension]=[[]] [is_dir]=[True] root=['/Users/nekrouwu/into_python_certification/lesson15_cert/.git/hooks']
INFO:root:file_name=['commit-msg'] [extension]=['sample'] [is_dir]=[False] root=['/Users/nekrouwu/into_python_certification/lesson15_cert/.git/hooks']
INFO:root:file_name=['pre-rebase'] [extension]=['sample'] [is_dir]=[False] root=['/Users/nekrouwu/into_python_certification/lesson15_cert/.git/hooks']
INFO:root:file_name=['pre-commit'] [extension]=['sample'] [is_dir]=[False] root=['/Users/nekrouwu/into_python_certification/lesson15_cert/.git/hooks']
INFO:root:file_name=['applypatch-msg'] [extension]=['sample'] [is_dir]=[False] root=['/Users/nekrouwu/into_python_certification/lesson15_cert/.git/hooks']
INFO:root:file_name=['fsmonitor-watchman'] [extension]=['sample'] [is_dir]=[False] root=['/Users/nekrouwu/into_python_certification/lesson15_cert/.git/hooks']
INFO:root:file_name=['pre-receive'] [extension]=['sample'] [is_dir]=[False] root=['/Users/nekrouwu/into_python_certification/lesson15_cert/.git/hooks']
INFO:root:file_name=['prepare-commit-msg'] [extension]=['sample'] [is_dir]=[False] root=['/Users/nekrouwu/into_python_certification/lesson15_cert/.git/hooks']
INFO:root:file_name=['post-update'] [extension]=['sample'] [is_dir]=[False] root=['/Users/nekrouwu/into_python_certification/lesson15_cert/.git/hooks']
INFO:root:file_name=['pre-merge-commit'] [extension]=['sample'] [is_dir]=[False] root=['/Users/nekrouwu/into_python_certification/lesson15_cert/.git/hooks']
INFO:root:file_name=['pre-applypatch'] [extension]=['sample'] [is_dir]=[False] root=['/Users/nekrouwu/into_python_certification/lesson15_cert/.git/hooks']
INFO:root:file_name=['pre-push'] [extension]=['sample'] [is_dir]=[False] root=['/Users/nekrouwu/into_python_certification/lesson15_cert/.git/hooks']
INFO:root:file_name=['update'] [extension]=['sample'] [is_dir]=[False] root=['/Users/nekrouwu/into_python_certification/lesson15_cert/.git/hooks']
INFO:root:file_name=['push-to-checkout'] [extension]=['sample'] [is_dir]=[False] root=['/Users/nekrouwu/into_python_certification/lesson15_cert/.git/hooks']
INFO:root:file_name=['heads', 'tags', 'remotes'] [extension]=[[]] [is_dir]=[True] root=['/Users/nekrouwu/into_python_certification/lesson15_cert/.git/refs']
INFO:root:file_name=[] [extension]=[[]] [is_dir]=[True] root=['/Users/nekrouwu/into_python_certification/lesson15_cert/.git/refs/heads']
INFO:root:file_name=[] [extension]=['main'] [is_dir]=[False] root=['/Users/nekrouwu/into_python_certification/lesson15_cert/.git/refs/heads']
INFO:root:file_name=[] [extension]=[[]] [is_dir]=[True] root=['/Users/nekrouwu/into_python_certification/lesson15_cert/.git/refs/tags']
INFO:root:file_name=['origin'] [extension]=[[]] [is_dir]=[True] root=['/Users/nekrouwu/into_python_certification/lesson15_cert/.git/refs/remotes']
INFO:root:file_name=[] [extension]=[[]] [is_dir]=[True] root=['/Users/nekrouwu/into_python_certification/lesson15_cert/.git/refs/remotes/origin']
INFO:root:file_name=[] [extension]=['main'] [is_dir]=[False] root=['/Users/nekrouwu/into_python_certification/lesson15_cert/.git/refs/remotes/origin']
